{
"contracts\\BalanceFetcher.sol":{"l":{"9":1,"11":1,"12":3,"14":1},"path":"C:\\Users\\45688555\\Desktop\\rsk-token-faucet-contract\\contracts\\BalanceFetcher.sol","s":{"1":1,"2":1,"3":3,"4":1},"b":{},"f":{"1":1},"fnMap":{"1":{"name":"fetchBalances","line":7,"loc":{"start":{"line":7,"column":4},"end":{"line":15,"column":4}}}},"statementMap":{"1":{"start":{"line":9,"column":9},"end":{"line":9,"column":46}},"2":{"start":{"line":11,"column":8},"end":{"line":11,"column":295}},"3":{"start":{"line":12,"column":12},"end":{"line":12,"column":48}},"4":{"start":{"line":14,"column":8},"end":{"line":14,"column":23}}},"branchMap":{}},
"contracts\\IERC20Extended.sol":{"l":{},"path":"C:\\Users\\45688555\\Desktop\\rsk-token-faucet-contract\\contracts\\IERC20Extended.sol","s":{},"b":{},"f":{},"fnMap":{},"statementMap":{},"branchMap":{}},
"contracts\\Imports.sol":{"l":{},"path":"C:\\Users\\45688555\\Desktop\\rsk-token-faucet-contract\\contracts\\Imports.sol","s":{},"b":{},"f":{},"fnMap":{},"statementMap":{},"branchMap":{}},
"contracts\\TokenFaucet.sol":{"l":{"17":6,"21":4,"22":4,"29":12,"30":4,"38":4,"49":1,"54":1,"59":1,"64":1,"69":15},"path":"C:\\Users\\45688555\\Desktop\\rsk-token-faucet-contract\\contracts\\TokenFaucet.sol","s":{"1":6,"2":4,"3":12,"4":4,"5":1,"6":1,"7":1,"8":1,"9":15},"b":{"1":[4,2],"2":[4,8]},"f":{"1":6,"2":12,"3":4,"4":1,"5":1,"6":1,"7":1,"8":15},"fnMap":{"1":{"name":"timePassed","line":16,"loc":{"start":{"line":16,"column":4},"end":{"line":25,"column":4}}},"2":{"name":"onlyOwner","line":28,"loc":{"start":{"line":28,"column":4},"end":{"line":31,"column":4}}},"3":{"name":"dispense","line":36,"loc":{"start":{"line":34,"column":4},"end":{"line":39,"column":4}}},"4":{"name":"withdraw","line":48,"loc":{"start":{"line":44,"column":4},"end":{"line":50,"column":4}}},"5":{"name":"setTimer","line":53,"loc":{"start":{"line":53,"column":4},"end":{"line":55,"column":4}}},"6":{"name":"setDispenseValue","line":58,"loc":{"start":{"line":58,"column":4},"end":{"line":60,"column":4}}},"7":{"name":"setOwner","line":63,"loc":{"start":{"line":63,"column":4},"end":{"line":65,"column":4}}},"8":{"name":"constructor","line":68,"loc":{"start":{"line":68,"column":4},"end":{"line":70,"column":4}}}},"statementMap":{"1":{"start":{"line":17,"column":8},"end":{"line":17,"column":828}},"2":{"start":{"line":22,"column":8},"end":{"line":22,"column":980}},"3":{"start":{"line":29,"column":8},"end":{"line":29,"column":45}},"4":{"start":{"line":38,"column":8},"end":{"line":38,"column":40}},"5":{"start":{"line":49,"column":8},"end":{"line":49,"column":32}},"6":{"start":{"line":54,"column":8},"end":{"line":54,"column":21}},"7":{"start":{"line":59,"column":8},"end":{"line":59,"column":37}},"8":{"start":{"line":64,"column":8},"end":{"line":64,"column":21}},"9":{"start":{"line":69,"column":8},"end":{"line":69,"column":25}}},"branchMap":{"1":{"line":17,"type":"if","locations":[{"start":{"line":17,"column":8},"end":{"line":17,"column":8}},{"start":{"line":17,"column":8},"end":{"line":17,"column":8}}]},"2":{"line":29,"type":"if","locations":[{"start":{"line":29,"column":8},"end":{"line":29,"column":8}},{"start":{"line":29,"column":8},"end":{"line":29,"column":8}}]}}}}
