TN:
SF:C:\Users\45688555\Desktop\rsk-token-faucet-contract\contracts\BalanceFetcher.sol
FN:7,fetchBalances
FNF:1
FNH:1
FNDA:1,fetchBalances
DA:9,1
DA:11,1
DA:12,3
DA:14,1
LF:4
LH:4
BRF:0
BRH:0
end_of_record
TN:
SF:C:\Users\45688555\Desktop\rsk-token-faucet-contract\contracts\IERC20Extended.sol
FNF:0
FNH:0
LF:0
LH:0
BRF:0
BRH:0
end_of_record
TN:
SF:C:\Users\45688555\Desktop\rsk-token-faucet-contract\contracts\Imports.sol
FNF:0
FNH:0
LF:0
LH:0
BRF:0
BRH:0
end_of_record
TN:
SF:C:\Users\45688555\Desktop\rsk-token-faucet-contract\contracts\TokenFaucet.sol
FN:16,timePassed
FN:28,onlyOwner
FN:36,dispense
FN:48,withdraw
FN:53,setTimer
FN:58,setDispenseValue
FN:63,setOwner
FN:68,constructor
FNF:8
FNH:8
FNDA:6,timePassed
FNDA:12,onlyOwner
FNDA:4,dispense
FNDA:1,withdraw
FNDA:1,setTimer
FNDA:1,setDispenseValue
FNDA:1,setOwner
FNDA:15,constructor
DA:17,6
DA:21,4
DA:22,4
DA:29,12
DA:30,4
DA:38,4
DA:49,1
DA:54,1
DA:59,1
DA:64,1
DA:69,15
LF:11
LH:11
BRDA:17,1,0,4
BRDA:17,1,1,2
BRDA:29,2,0,4
BRDA:29,2,1,8
BRF:4
BRH:4
end_of_record
